  GameScenes.cpp
C:\Users\BEBERISHKA\Documents\GitHub\SeaBattle\SeaBattle\GameScenes.cpp(47,120): warning C4244: аргумент: преобразование "int" в "T", возможна потеря данных
C:\Users\BEBERISHKA\Documents\GitHub\SeaBattle\SeaBattle\GameScenes.cpp(47,120): warning C4244:         with
C:\Users\BEBERISHKA\Documents\GitHub\SeaBattle\SeaBattle\GameScenes.cpp(47,120): warning C4244:         [
C:\Users\BEBERISHKA\Documents\GitHub\SeaBattle\SeaBattle\GameScenes.cpp(47,120): warning C4244:             T=float
C:\Users\BEBERISHKA\Documents\GitHub\SeaBattle\SeaBattle\GameScenes.cpp(47,120): warning C4244:         ]
C:\Users\BEBERISHKA\Documents\GitHub\SeaBattle\SeaBattle\GameScenes.cpp(47,74): warning C4244: аргумент: преобразование "int" в "T", возможна потеря данных
C:\Users\BEBERISHKA\Documents\GitHub\SeaBattle\SeaBattle\GameScenes.cpp(47,74): warning C4244:         with
C:\Users\BEBERISHKA\Documents\GitHub\SeaBattle\SeaBattle\GameScenes.cpp(47,74): warning C4244:         [
C:\Users\BEBERISHKA\Documents\GitHub\SeaBattle\SeaBattle\GameScenes.cpp(47,74): warning C4244:             T=float
C:\Users\BEBERISHKA\Documents\GitHub\SeaBattle\SeaBattle\GameScenes.cpp(47,74): warning C4244:         ]
C:\Users\BEBERISHKA\Documents\GitHub\SeaBattle\SeaBattle\GameScenes.cpp(149,120): warning C4244: аргумент: преобразование "int" в "T", возможна потеря данных
C:\Users\BEBERISHKA\Documents\GitHub\SeaBattle\SeaBattle\GameScenes.cpp(149,120): warning C4244:         with
C:\Users\BEBERISHKA\Documents\GitHub\SeaBattle\SeaBattle\GameScenes.cpp(149,120): warning C4244:         [
C:\Users\BEBERISHKA\Documents\GitHub\SeaBattle\SeaBattle\GameScenes.cpp(149,120): warning C4244:             T=float
C:\Users\BEBERISHKA\Documents\GitHub\SeaBattle\SeaBattle\GameScenes.cpp(149,120): warning C4244:         ]
C:\Users\BEBERISHKA\Documents\GitHub\SeaBattle\SeaBattle\GameScenes.cpp(149,74): warning C4244: аргумент: преобразование "int" в "T", возможна потеря данных
C:\Users\BEBERISHKA\Documents\GitHub\SeaBattle\SeaBattle\GameScenes.cpp(149,74): warning C4244:         with
C:\Users\BEBERISHKA\Documents\GitHub\SeaBattle\SeaBattle\GameScenes.cpp(149,74): warning C4244:         [
C:\Users\BEBERISHKA\Documents\GitHub\SeaBattle\SeaBattle\GameScenes.cpp(149,74): warning C4244:             T=float
C:\Users\BEBERISHKA\Documents\GitHub\SeaBattle\SeaBattle\GameScenes.cpp(149,74): warning C4244:         ]
C:\Users\BEBERISHKA\Documents\GitHub\SeaBattle\SeaBattle\GameScenes.cpp(171,125): warning C4244: аргумент: преобразование "int" в "T", возможна потеря данных
C:\Users\BEBERISHKA\Documents\GitHub\SeaBattle\SeaBattle\GameScenes.cpp(171,125): warning C4244:         with
C:\Users\BEBERISHKA\Documents\GitHub\SeaBattle\SeaBattle\GameScenes.cpp(171,125): warning C4244:         [
C:\Users\BEBERISHKA\Documents\GitHub\SeaBattle\SeaBattle\GameScenes.cpp(171,125): warning C4244:             T=float
C:\Users\BEBERISHKA\Documents\GitHub\SeaBattle\SeaBattle\GameScenes.cpp(171,125): warning C4244:         ]
C:\Users\BEBERISHKA\Documents\GitHub\SeaBattle\SeaBattle\GameScenes.cpp(171,74): warning C4244: аргумент: преобразование "int" в "T", возможна потеря данных
C:\Users\BEBERISHKA\Documents\GitHub\SeaBattle\SeaBattle\GameScenes.cpp(171,74): warning C4244:         with
C:\Users\BEBERISHKA\Documents\GitHub\SeaBattle\SeaBattle\GameScenes.cpp(171,74): warning C4244:         [
C:\Users\BEBERISHKA\Documents\GitHub\SeaBattle\SeaBattle\GameScenes.cpp(171,74): warning C4244:             T=float
C:\Users\BEBERISHKA\Documents\GitHub\SeaBattle\SeaBattle\GameScenes.cpp(171,74): warning C4244:         ]
C:\Users\BEBERISHKA\Documents\GitHub\SeaBattle\SeaBattle\GameScenes.cpp(184,23): warning C4244: инициализация: преобразование "T" в "int", возможна потеря данных
C:\Users\BEBERISHKA\Documents\GitHub\SeaBattle\SeaBattle\GameScenes.cpp(184,23): warning C4244:         with
C:\Users\BEBERISHKA\Documents\GitHub\SeaBattle\SeaBattle\GameScenes.cpp(184,23): warning C4244:         [
C:\Users\BEBERISHKA\Documents\GitHub\SeaBattle\SeaBattle\GameScenes.cpp(184,23): warning C4244:             T=float
C:\Users\BEBERISHKA\Documents\GitHub\SeaBattle\SeaBattle\GameScenes.cpp(184,23): warning C4244:         ]
C:\Users\BEBERISHKA\Documents\GitHub\SeaBattle\SeaBattle\GameScenes.cpp(185,23): warning C4244: инициализация: преобразование "T" в "int", возможна потеря данных
C:\Users\BEBERISHKA\Documents\GitHub\SeaBattle\SeaBattle\GameScenes.cpp(185,23): warning C4244:         with
C:\Users\BEBERISHKA\Documents\GitHub\SeaBattle\SeaBattle\GameScenes.cpp(185,23): warning C4244:         [
C:\Users\BEBERISHKA\Documents\GitHub\SeaBattle\SeaBattle\GameScenes.cpp(185,23): warning C4244:             T=float
C:\Users\BEBERISHKA\Documents\GitHub\SeaBattle\SeaBattle\GameScenes.cpp(185,23): warning C4244:         ]
  SeaBattle.vcxproj -> C:\Users\BEBERISHKA\Documents\GitHub\SeaBattle\x64\Debug\SeaBattle.exe
