c:\users\beberishka\documents\github\seabattle\seabattle\x64\debug\vc143.pdb
c:\users\beberishka\documents\github\seabattle\seabattle\x64\debug\vc143.idb
c:\users\beberishka\documents\github\seabattle\seabattle\x64\debug\requesttoserver.obj
c:\users\beberishka\documents\github\seabattle\seabattle\x64\debug\main.obj
c:\users\beberishka\documents\github\seabattle\seabattle\x64\debug\gamescenes.obj
c:\users\beberishka\documents\github\seabattle\seabattle\x64\debug\game.obj
c:\users\beberishka\documents\github\seabattle\seabattle\x64\debug\cell.obj
c:\users\beberishka\documents\github\seabattle\seabattle\x64\debug\boatmanager.obj
c:\users\beberishka\documents\github\seabattle\seabattle\x64\debug\boat.obj
c:\users\beberishka\documents\github\seabattle\seabattle\x64\debug\packettype.obj
c:\users\beberishka\documents\github\seabattle\x64\debug\seabattle.exe
c:\users\beberishka\documents\github\seabattle\x64\debug\seabattle.pdb
c:\users\beberishka\documents\github\seabattle\seabattle\x64\debug\seabattle.ilk
c:\users\beberishka\documents\github\seabattle\seabattle\x64\debug\gamescenes.obj.enc
c:\users\beberishka\documents\github\seabattle\seabattle\x64\debug\seabattle.tlog\cl.command.1.tlog
c:\users\beberishka\documents\github\seabattle\seabattle\x64\debug\seabattle.tlog\cl.items.tlog
c:\users\beberishka\documents\github\seabattle\seabattle\x64\debug\seabattle.tlog\cl.read.1.tlog
c:\users\beberishka\documents\github\seabattle\seabattle\x64\debug\seabattle.tlog\cl.write.1.tlog
c:\users\beberishka\documents\github\seabattle\seabattle\x64\debug\seabattle.tlog\link.13956-cvtres.read.1.tlog
c:\users\beberishka\documents\github\seabattle\seabattle\x64\debug\seabattle.tlog\link.13956-cvtres.write.1.tlog
c:\users\beberishka\documents\github\seabattle\seabattle\x64\debug\seabattle.tlog\link.13956-rc.read.1.tlog
c:\users\beberishka\documents\github\seabattle\seabattle\x64\debug\seabattle.tlog\link.13956-rc.write.1.tlog
c:\users\beberishka\documents\github\seabattle\seabattle\x64\debug\seabattle.tlog\link.13956.read.1.tlog
c:\users\beberishka\documents\github\seabattle\seabattle\x64\debug\seabattle.tlog\link.13956.read.2.tlog
c:\users\beberishka\documents\github\seabattle\seabattle\x64\debug\seabattle.tlog\link.13956.write.1.tlog
c:\users\beberishka\documents\github\seabattle\seabattle\x64\debug\seabattle.tlog\link.command.1.tlog
c:\users\beberishka\documents\github\seabattle\seabattle\x64\debug\seabattle.tlog\link.read.1.tlog
c:\users\beberishka\documents\github\seabattle\seabattle\x64\debug\seabattle.tlog\link.secondary.1.tlog
c:\users\beberishka\documents\github\seabattle\seabattle\x64\debug\seabattle.tlog\link.write.1.tlog
